  MainMenu.cpp
d:\users\brandon.van7367\documents\github\angry-bords\angry bords\my first opengl\mainmenu.cpp(136): warning C4018: '<': signed/unsigned mismatch
d:\users\brandon.van7367\documents\github\angry-bords\angry bords\my first opengl\mainmenu.cpp(142): warning C4018: '<': signed/unsigned mismatch
d:\users\brandon.van7367\documents\github\angry-bords\angry bords\my first opengl\mainmenu.cpp(149): warning C4018: '<': signed/unsigned mismatch
d:\users\brandon.van7367\documents\github\angry-bords\angry bords\my first opengl\mainmenu.cpp(162): warning C4244: 'initializing': conversion from 'int' to 'float', possible loss of data
d:\users\brandon.van7367\documents\github\angry-bords\angry bords\my first opengl\mainmenu.cpp(230): warning C4244: 'initializing': conversion from 'double' to 'float', possible loss of data
d:\users\brandon.van7367\documents\github\angry-bords\angry bords\my first opengl\mainmenu.cpp(238): warning C4244: '=': conversion from 'const double' to 'float', possible loss of data
d:\users\brandon.van7367\documents\github\angry-bords\angry bords\my first opengl\mainmenu.cpp(239): warning C4244: '=': conversion from 'const double' to 'float', possible loss of data
d:\users\brandon.van7367\documents\github\angry-bords\angry bords\my first opengl\mainmenu.cpp(243): warning C4244: '=': conversion from 'double' to 'float', possible loss of data
d:\users\brandon.van7367\documents\github\angry-bords\angry bords\my first opengl\mainmenu.cpp(244): warning C4244: '=': conversion from 'double' to 'float', possible loss of data
d:\users\brandon.van7367\documents\github\angry-bords\angry bords\my first opengl\mainmenu.cpp(246): warning C4244: '=': conversion from 'double' to 'float', possible loss of data
d:\users\brandon.van7367\documents\github\angry-bords\angry bords\my first opengl\mainmenu.cpp(247): warning C4244: '=': conversion from 'double' to 'float', possible loss of data
  Generating code
  2 of 695 functions ( 0.3%) were compiled, the rest were copied from previous compilation.
    0 functions were new in current compilation
    0 functions had inline decision re-evaluated but remain unchanged
  Finished generating code
Box2DRelease.lib(b2ChainShape.obj) : warning LNK4099: PDB 'Box2D.pdb' was not found with 'Box2DRelease.lib(b2ChainShape.obj)' or at 'D:\Users\brandon.van7367\Documents\GitHub\Angry-Bords\Angry Bords\Release\Box2D.pdb'; linking object as if no debug info
Box2DRelease.lib(b2EdgeShape.obj) : warning LNK4099: PDB 'Box2D.pdb' was not found with 'Box2DRelease.lib(b2EdgeShape.obj)' or at 'D:\Users\brandon.van7367\Documents\GitHub\Angry-Bords\Angry Bords\Release\Box2D.pdb'; linking object as if no debug info
Box2DRelease.lib(b2PolygonShape.obj) : warning LNK4099: PDB 'Box2D.pdb' was not found with 'Box2DRelease.lib(b2PolygonShape.obj)' or at 'D:\Users\brandon.van7367\Documents\GitHub\Angry-Bords\Angry Bords\Release\Box2D.pdb'; linking object as if no debug info
Box2DRelease.lib(b2BroadPhase.obj) : warning LNK4099: PDB 'Box2D.pdb' was not found with 'Box2DRelease.lib(b2BroadPhase.obj)' or at 'D:\Users\brandon.van7367\Documents\GitHub\Angry-Bords\Angry Bords\Release\Box2D.pdb'; linking object as if no debug info
Box2DRelease.lib(b2CollideCircle.obj) : warning LNK4099: PDB 'Box2D.pdb' was not found with 'Box2DRelease.lib(b2CollideCircle.obj)' or at 'D:\Users\brandon.van7367\Documents\GitHub\Angry-Bords\Angry Bords\Release\Box2D.pdb'; linking object as if no debug info
Box2DRelease.lib(b2CollideEdge.obj) : warning LNK4099: PDB 'Box2D.pdb' was not found with 'Box2DRelease.lib(b2CollideEdge.obj)' or at 'D:\Users\brandon.van7367\Documents\GitHub\Angry-Bords\Angry Bords\Release\Box2D.pdb'; linking object as if no debug info
Box2DRelease.lib(b2CollidePolygon.obj) : warning LNK4099: PDB 'Box2D.pdb' was not found with 'Box2DRelease.lib(b2CollidePolygon.obj)' or at 'D:\Users\brandon.van7367\Documents\GitHub\Angry-Bords\Angry Bords\Release\Box2D.pdb'; linking object as if no debug info
Box2DRelease.lib(b2Collision.obj) : warning LNK4099: PDB 'Box2D.pdb' was not found with 'Box2DRelease.lib(b2Collision.obj)' or at 'D:\Users\brandon.van7367\Documents\GitHub\Angry-Bords\Angry Bords\Release\Box2D.pdb'; linking object as if no debug info
Box2DRelease.lib(b2Distance.obj) : warning LNK4099: PDB 'Box2D.pdb' was not found with 'Box2DRelease.lib(b2Distance.obj)' or at 'D:\Users\brandon.van7367\Documents\GitHub\Angry-Bords\Angry Bords\Release\Box2D.pdb'; linking object as if no debug info
Box2DRelease.lib(b2DynamicTree.obj) : warning LNK4099: PDB 'Box2D.pdb' was not found with 'Box2DRelease.lib(b2DynamicTree.obj)' or at 'D:\Users\brandon.van7367\Documents\GitHub\Angry-Bords\Angry Bords\Release\Box2D.pdb'; linking object as if no debug info
Box2DRelease.lib(b2TimeOfImpact.obj) : warning LNK4099: PDB 'Box2D.pdb' was not found with 'Box2DRelease.lib(b2TimeOfImpact.obj)' or at 'D:\Users\brandon.van7367\Documents\GitHub\Angry-Bords\Angry Bords\Release\Box2D.pdb'; linking object as if no debug info
Box2DRelease.lib(b2BlockAllocator.obj) : warning LNK4099: PDB 'Box2D.pdb' was not found with 'Box2DRelease.lib(b2BlockAllocator.obj)' or at 'D:\Users\brandon.van7367\Documents\GitHub\Angry-Bords\Angry Bords\Release\Box2D.pdb'; linking object as if no debug info
Box2DRelease.lib(b2Draw.obj) : warning LNK4099: PDB 'Box2D.pdb' was not found with 'Box2DRelease.lib(b2Draw.obj)' or at 'D:\Users\brandon.van7367\Documents\GitHub\Angry-Bords\Angry Bords\Release\Box2D.pdb'; linking object as if no debug info
Box2DRelease.lib(b2Math.obj) : warning LNK4099: PDB 'Box2D.pdb' was not found with 'Box2DRelease.lib(b2Math.obj)' or at 'D:\Users\brandon.van7367\Documents\GitHub\Angry-Bords\Angry Bords\Release\Box2D.pdb'; linking object as if no debug info
Box2DRelease.lib(b2Settings.obj) : warning LNK4099: PDB 'Box2D.pdb' was not found with 'Box2DRelease.lib(b2Settings.obj)' or at 'D:\Users\brandon.van7367\Documents\GitHub\Angry-Bords\Angry Bords\Release\Box2D.pdb'; linking object as if no debug info
Box2DRelease.lib(b2StackAllocator.obj) : warning LNK4099: PDB 'Box2D.pdb' was not found with 'Box2DRelease.lib(b2StackAllocator.obj)' or at 'D:\Users\brandon.van7367\Documents\GitHub\Angry-Bords\Angry Bords\Release\Box2D.pdb'; linking object as if no debug info
Box2DRelease.lib(b2Timer.obj) : warning LNK4099: PDB 'Box2D.pdb' was not found with 'Box2DRelease.lib(b2Timer.obj)' or at 'D:\Users\brandon.van7367\Documents\GitHub\Angry-Bords\Angry Bords\Release\Box2D.pdb'; linking object as if no debug info
Box2DRelease.lib(b2ChainAndCircleContact.obj) : warning LNK4099: PDB 'Box2D.pdb' was not found with 'Box2DRelease.lib(b2ChainAndCircleContact.obj)' or at 'D:\Users\brandon.van7367\Documents\GitHub\Angry-Bords\Angry Bords\Release\Box2D.pdb'; linking object as if no debug info
Box2DRelease.lib(b2ChainAndPolygonContact.obj) : warning LNK4099: PDB 'Box2D.pdb' was not found with 'Box2DRelease.lib(b2ChainAndPolygonContact.obj)' or at 'D:\Users\brandon.van7367\Documents\GitHub\Angry-Bords\Angry Bords\Release\Box2D.pdb'; linking object as if no debug info
Box2DRelease.lib(b2CircleContact.obj) : warning LNK4099: PDB 'Box2D.pdb' was not found with 'Box2DRelease.lib(b2CircleContact.obj)' or at 'D:\Users\brandon.van7367\Documents\GitHub\Angry-Bords\Angry Bords\Release\Box2D.pdb'; linking object as if no debug info
Box2DRelease.lib(b2Contact.obj) : warning LNK4099: PDB 'Box2D.pdb' was not found with 'Box2DRelease.lib(b2Contact.obj)' or at 'D:\Users\brandon.van7367\Documents\GitHub\Angry-Bords\Angry Bords\Release\Box2D.pdb'; linking object as if no debug info
Box2DRelease.lib(b2ContactSolver.obj) : warning LNK4099: PDB 'Box2D.pdb' was not found with 'Box2DRelease.lib(b2ContactSolver.obj)' or at 'D:\Users\brandon.van7367\Documents\GitHub\Angry-Bords\Angry Bords\Release\Box2D.pdb'; linking object as if no debug info
Box2DRelease.lib(b2EdgeAndCircleContact.obj) : warning LNK4099: PDB 'Box2D.pdb' was not found with 'Box2DRelease.lib(b2EdgeAndCircleContact.obj)' or at 'D:\Users\brandon.van7367\Documents\GitHub\Angry-Bords\Angry Bords\Release\Box2D.pdb'; linking object as if no debug info
Box2DRelease.lib(b2EdgeAndPolygonContact.obj) : warning LNK4099: PDB 'Box2D.pdb' was not found with 'Box2DRelease.lib(b2EdgeAndPolygonContact.obj)' or at 'D:\Users\brandon.van7367\Documents\GitHub\Angry-Bords\Angry Bords\Release\Box2D.pdb'; linking object as if no debug info
Box2DRelease.lib(b2PolygonAndCircleContact.obj) : warning LNK4099: PDB 'Box2D.pdb' was not found with 'Box2DRelease.lib(b2PolygonAndCircleContact.obj)' or at 'D:\Users\brandon.van7367\Documents\GitHub\Angry-Bords\Angry Bords\Release\Box2D.pdb'; linking object as if no debug info
Box2DRelease.lib(b2PolygonContact.obj) : warning LNK4099: PDB 'Box2D.pdb' was not found with 'Box2DRelease.lib(b2PolygonContact.obj)' or at 'D:\Users\brandon.van7367\Documents\GitHub\Angry-Bords\Angry Bords\Release\Box2D.pdb'; linking object as if no debug info
Box2DRelease.lib(b2DistanceJoint.obj) : warning LNK4099: PDB 'Box2D.pdb' was not found with 'Box2DRelease.lib(b2DistanceJoint.obj)' or at 'D:\Users\brandon.van7367\Documents\GitHub\Angry-Bords\Angry Bords\Release\Box2D.pdb'; linking object as if no debug info
Box2DRelease.lib(b2FrictionJoint.obj) : warning LNK4099: PDB 'Box2D.pdb' was not found with 'Box2DRelease.lib(b2FrictionJoint.obj)' or at 'D:\Users\brandon.van7367\Documents\GitHub\Angry-Bords\Angry Bords\Release\Box2D.pdb'; linking object as if no debug info
Box2DRelease.lib(b2GearJoint.obj) : warning LNK4099: PDB 'Box2D.pdb' was not found with 'Box2DRelease.lib(b2GearJoint.obj)' or at 'D:\Users\brandon.van7367\Documents\GitHub\Angry-Bords\Angry Bords\Release\Box2D.pdb'; linking object as if no debug info
Box2DRelease.lib(b2Joint.obj) : warning LNK4099: PDB 'Box2D.pdb' was not found with 'Box2DRelease.lib(b2Joint.obj)' or at 'D:\Users\brandon.van7367\Documents\GitHub\Angry-Bords\Angry Bords\Release\Box2D.pdb'; linking object as if no debug info
Box2DRelease.lib(b2MotorJoint.obj) : warning LNK4099: PDB 'Box2D.pdb' was not found with 'Box2DRelease.lib(b2MotorJoint.obj)' or at 'D:\Users\brandon.van7367\Documents\GitHub\Angry-Bords\Angry Bords\Release\Box2D.pdb'; linking object as if no debug info
Box2DRelease.lib(b2MouseJoint.obj) : warning LNK4099: PDB 'Box2D.pdb' was not found with 'Box2DRelease.lib(b2MouseJoint.obj)' or at 'D:\Users\brandon.van7367\Documents\GitHub\Angry-Bords\Angry Bords\Release\Box2D.pdb'; linking object as if no debug info
Box2DRelease.lib(b2PrismaticJoint.obj) : warning LNK4099: PDB 'Box2D.pdb' was not found with 'Box2DRelease.lib(b2PrismaticJoint.obj)' or at 'D:\Users\brandon.van7367\Documents\GitHub\Angry-Bords\Angry Bords\Release\Box2D.pdb'; linking object as if no debug info
Box2DRelease.lib(b2PulleyJoint.obj) : warning LNK4099: PDB 'Box2D.pdb' was not found with 'Box2DRelease.lib(b2PulleyJoint.obj)' or at 'D:\Users\brandon.van7367\Documents\GitHub\Angry-Bords\Angry Bords\Release\Box2D.pdb'; linking object as if no debug info
Box2DRelease.lib(b2RevoluteJoint.obj) : warning LNK4099: PDB 'Box2D.pdb' was not found with 'Box2DRelease.lib(b2RevoluteJoint.obj)' or at 'D:\Users\brandon.van7367\Documents\GitHub\Angry-Bords\Angry Bords\Release\Box2D.pdb'; linking object as if no debug info
Box2DRelease.lib(b2RopeJoint.obj) : warning LNK4099: PDB 'Box2D.pdb' was not found with 'Box2DRelease.lib(b2RopeJoint.obj)' or at 'D:\Users\brandon.van7367\Documents\GitHub\Angry-Bords\Angry Bords\Release\Box2D.pdb'; linking object as if no debug info
Box2DRelease.lib(b2WeldJoint.obj) : warning LNK4099: PDB 'Box2D.pdb' was not found with 'Box2DRelease.lib(b2WeldJoint.obj)' or at 'D:\Users\brandon.van7367\Documents\GitHub\Angry-Bords\Angry Bords\Release\Box2D.pdb'; linking object as if no debug info
Box2DRelease.lib(b2WheelJoint.obj) : warning LNK4099: PDB 'Box2D.pdb' was not found with 'Box2DRelease.lib(b2WheelJoint.obj)' or at 'D:\Users\brandon.van7367\Documents\GitHub\Angry-Bords\Angry Bords\Release\Box2D.pdb'; linking object as if no debug info
Box2DRelease.lib(b2Body.obj) : warning LNK4099: PDB 'Box2D.pdb' was not found with 'Box2DRelease.lib(b2Body.obj)' or at 'D:\Users\brandon.van7367\Documents\GitHub\Angry-Bords\Angry Bords\Release\Box2D.pdb'; linking object as if no debug info
Box2DRelease.lib(b2ContactManager.obj) : warning LNK4099: PDB 'Box2D.pdb' was not found with 'Box2DRelease.lib(b2ContactManager.obj)' or at 'D:\Users\brandon.van7367\Documents\GitHub\Angry-Bords\Angry Bords\Release\Box2D.pdb'; linking object as if no debug info
Box2DRelease.lib(b2Fixture.obj) : warning LNK4099: PDB 'Box2D.pdb' was not found with 'Box2DRelease.lib(b2Fixture.obj)' or at 'D:\Users\brandon.van7367\Documents\GitHub\Angry-Bords\Angry Bords\Release\Box2D.pdb'; linking object as if no debug info
Box2DRelease.lib(b2Island.obj) : warning LNK4099: PDB 'Box2D.pdb' was not found with 'Box2DRelease.lib(b2Island.obj)' or at 'D:\Users\brandon.van7367\Documents\GitHub\Angry-Bords\Angry Bords\Release\Box2D.pdb'; linking object as if no debug info
Box2DRelease.lib(b2World.obj) : warning LNK4099: PDB 'Box2D.pdb' was not found with 'Box2DRelease.lib(b2World.obj)' or at 'D:\Users\brandon.van7367\Documents\GitHub\Angry-Bords\Angry Bords\Release\Box2D.pdb'; linking object as if no debug info
Box2DRelease.lib(b2WorldCallbacks.obj) : warning LNK4099: PDB 'Box2D.pdb' was not found with 'Box2DRelease.lib(b2WorldCallbacks.obj)' or at 'D:\Users\brandon.van7367\Documents\GitHub\Angry-Bords\Angry Bords\Release\Box2D.pdb'; linking object as if no debug info
  My First OpenGL.vcxproj -> D:\Users\brandon.van7367\Documents\GitHub\Angry-Bords\Angry Bords\Release\My First OpenGL.exe
