c:\users\ethan\dropbox\uni\year 2\semester 2\due excercises and projects\angry bords\my first opengl\release\vc141.pdb
c:\users\ethan\dropbox\uni\year 2\semester 2\due excercises and projects\angry bords\my first opengl\release\sprite.obj
c:\users\ethan\dropbox\uni\year 2\semester 2\due excercises and projects\angry bords\my first opengl\release\sphere.obj
c:\users\ethan\dropbox\uni\year 2\semester 2\due excercises and projects\angry bords\my first opengl\release\sound.obj
c:\users\ethan\dropbox\uni\year 2\semester 2\due excercises and projects\angry bords\my first opengl\release\socket.obj
c:\users\ethan\dropbox\uni\year 2\semester 2\due excercises and projects\angry bords\my first opengl\release\shaderloader.obj
c:\users\ethan\dropbox\uni\year 2\semester 2\due excercises and projects\angry bords\my first opengl\release\server.obj
c:\users\ethan\dropbox\uni\year 2\semester 2\due excercises and projects\angry bords\my first opengl\release\scene.obj
c:\users\ethan\dropbox\uni\year 2\semester 2\due excercises and projects\angry bords\my first opengl\release\player.obj
c:\users\ethan\dropbox\uni\year 2\semester 2\due excercises and projects\angry bords\my first opengl\release\otherplayer.obj
c:\users\ethan\dropbox\uni\year 2\semester 2\due excercises and projects\angry bords\my first opengl\release\networkmain.obj
c:\users\ethan\dropbox\uni\year 2\semester 2\due excercises and projects\angry bords\my first opengl\release\network.obj
c:\users\ethan\dropbox\uni\year 2\semester 2\due excercises and projects\angry bords\my first opengl\release\mainmenu.obj
c:\users\ethan\dropbox\uni\year 2\semester 2\due excercises and projects\angry bords\my first opengl\release\main.obj
c:\users\ethan\dropbox\uni\year 2\semester 2\due excercises and projects\angry bords\my first opengl\release\inputlinebuffer.obj
c:\users\ethan\dropbox\uni\year 2\semester 2\due excercises and projects\angry bords\my first opengl\release\gamemanager.obj
c:\users\ethan\dropbox\uni\year 2\semester 2\due excercises and projects\angry bords\my first opengl\release\entity.obj
c:\users\ethan\dropbox\uni\year 2\semester 2\due excercises and projects\angry bords\my first opengl\release\cubemap.obj
c:\users\ethan\dropbox\uni\year 2\semester 2\due excercises and projects\angry bords\my first opengl\release\consoletools.obj
c:\users\ethan\dropbox\uni\year 2\semester 2\due excercises and projects\angry bords\my first opengl\release\client.obj
c:\users\ethan\dropbox\uni\year 2\semester 2\due excercises and projects\angry bords\my first opengl\release\camera.obj
c:\users\ethan\dropbox\uni\year 2\semester 2\due excercises and projects\angry bords\my first opengl\release\utils.obj
c:\users\ethan\dropbox\uni\year 2\semester 2\due excercises and projects\angry bords\my first opengl\release\uisprite.obj
c:\users\ethan\dropbox\uni\year 2\semester 2\due excercises and projects\angry bords\my first opengl\release\ufo.obj
c:\users\ethan\dropbox\uni\year 2\semester 2\due excercises and projects\angry bords\my first opengl\release\textlabel.obj
c:\users\ethan\dropbox\uni\year 2\semester 2\due excercises and projects\angry bords\release\my first opengl.ipdb
c:\users\ethan\dropbox\uni\year 2\semester 2\due excercises and projects\angry bords\release\my first opengl.iobj
c:\users\ethan\dropbox\uni\year 2\semester 2\due excercises and projects\angry bords\release\my first opengl.pdb
c:\users\ethan\dropbox\uni\year 2\semester 2\due excercises and projects\angry bords\my first opengl\release\my first opengl.tlog\cl.command.1.tlog
c:\users\ethan\dropbox\uni\year 2\semester 2\due excercises and projects\angry bords\my first opengl\release\my first opengl.tlog\cl.read.1.tlog
c:\users\ethan\dropbox\uni\year 2\semester 2\due excercises and projects\angry bords\my first opengl\release\my first opengl.tlog\cl.write.1.tlog
c:\users\ethan\dropbox\uni\year 2\semester 2\due excercises and projects\angry bords\my first opengl\release\my first opengl.tlog\link.command.1.tlog
c:\users\ethan\dropbox\uni\year 2\semester 2\due excercises and projects\angry bords\my first opengl\release\my first opengl.tlog\link.read.1.tlog
c:\users\ethan\dropbox\uni\year 2\semester 2\due excercises and projects\angry bords\my first opengl\release\my first opengl.tlog\link.write.1.tlog
c:\users\ethan\dropbox\uni\year 2\semester 2\due excercises and projects\angry bords\my first opengl\release\my first opengl.tlog\my first opengl.write.1u.tlog
